<?xml version="1.0" encoding="UTF-8"?>
<!-- Generated by org.testng.reporters.JUnitReportReporter -->
<testsuite skipped="0" hostname="LAPTOP-AFKI2CGS" name="TestNGExamples.LoginTest" tests="1" failures="0" timestamp="2021-07-21T23:43:51 IST" time="24.579" errors="0">
  <testcase name="Testcase1" time="24.579" classname="TestNGExamples.LoginTest"/>
  <system-out/>
</testsuite> <!-- TestNGExamples.LoginTest -->
