<?xml version="1.0" encoding="UTF-8"?>
<!-- Generated by org.testng.reporters.JUnitReportReporter -->
<testsuite skipped="0" hostname="LAPTOP-AFKI2CGS" name="TestNGExamples.TestCase1" tests="2" failures="0" timestamp="2021-07-21T20:05:51 IST" time="0.015" errors="0">
  <testcase name="LoanTest" time="0.008" classname="TestNGExamples.TestCase1"/>
  <system-out/>
  <testcase name="CreditCardtest" time="0.007" classname="TestNGExamples.TestCase1"/>
  <system-out/>
</testsuite> <!-- TestNGExamples.TestCase1 -->
