<?xml version="1.0" encoding="UTF-8"?>
<!-- Generated by org.testng.reporters.JUnitReportReporter -->
<testsuite skipped="0" hostname="LAPTOP-AFKI2CGS" name="TestNGExamples.TestCase2" tests="1" failures="0" timestamp="2021-07-21T20:05:51 IST" time="0.004" errors="0">
  <testcase name="InsuranceTest" time="0.004" classname="TestNGExamples.TestCase2"/>
  <system-out/>
</testsuite> <!-- TestNGExamples.TestCase2 -->
