<?xml version="1.0" encoding="UTF-8"?>
<!-- Generated by org.testng.reporters.JUnitReportReporter -->
<testsuite hostname="LAPTOP-AFKI2CGS" failures="0" tests="1" name="TestNGExamples.LoginTest" time="25.244" errors="0" timestamp="2021-07-22T18:38:50 IST" skipped="0">
  <testcase classname="TestNGExamples.LoginTest" name="Testcase1" time="25.244"/>
  <system-out/>
</testsuite> <!-- TestNGExamples.LoginTest -->
